2024-04-11 03:24:55,654 DEBUG    root            Loaded Command Group: ['gcloud', 'components']
2024-04-11 03:24:55,657 DEBUG    root            Loaded Command Group: ['gcloud', 'components', 'update']
2024-04-11 03:24:55,659 DEBUG    root            Running [gcloud.components.update] with arguments: [--quiet: "True", COMPONENT-IDS:8: "['gcloud', 'core', 'bq', 'gsutil', 'compute', 'preview', 'alpha', 'beta']"]
2024-04-11 03:24:55,661 INFO     ___FILE_ONLY___ Beginning update. This process may take several minutes.

2024-04-11 03:24:55,669 DEBUG    urllib3.connectionpool Starting new HTTPS connection (1): dl.google.com:443
2024-04-11 03:24:56,211 DEBUG    urllib3.connectionpool https://dl.google.com:443 "GET /dl/cloudsdk/channels/rapid/components-2.json HTTP/1.1" 200 214439
2024-04-11 03:24:56,227 WARNING  root            Component [compute] no longer exists.
2024-04-11 03:24:56,228 WARNING  root            Component [preview] no longer exists.
2024-04-11 03:24:56,229 INFO     ___FILE_ONLY___ 

2024-04-11 03:24:56,229 INFO     ___FILE_ONLY___ 
Your current Google Cloud CLI version is: 471.0.0

2024-04-11 03:24:56,230 INFO     ___FILE_ONLY___ Installing components from version: 471.0.0

2024-04-11 03:24:56,230 INFO     ___FILE_ONLY___ 

2024-04-11 03:24:56,230 DEBUG    root            Chosen display Format:table[box,title="These components will be removed."](details.display_name:label=Name:align=left,version.version_string:label=Version:align=right,data.size.size(zero="",min=1048576):label=Size:align=right)
2024-04-11 03:24:56,231 DEBUG    root            Chosen display Format:table[box,title="These components will be updated."](details.display_name:label=Name:align=left,version.version_string:label=Version:align=right,data.size.size(zero="",min=1048576):label=Size:align=right)
2024-04-11 03:24:56,231 DEBUG    root            Chosen display Format:table[box,title="These components will be installed."](details.display_name:label=Name:align=left,version.version_string:label=Version:align=right,data.size.size(zero="",min=1048576):label=Size:align=right)
2024-04-11 03:24:56,271 INFO     ___FILE_ONLY___ ┌──────────────────────────────────────────────┐
2024-04-11 03:24:56,271 INFO     ___FILE_ONLY___ 

2024-04-11 03:24:56,272 INFO     ___FILE_ONLY___ │     These components will be installed.      │
2024-04-11 03:24:56,272 INFO     ___FILE_ONLY___ 

2024-04-11 03:24:56,272 INFO     ___FILE_ONLY___ ├───────────────────────┬────────────┬─────────┤
2024-04-11 03:24:56,272 INFO     ___FILE_ONLY___ 

2024-04-11 03:24:56,272 INFO     ___FILE_ONLY___ │          Name         │  Version   │   Size  │
2024-04-11 03:24:56,272 INFO     ___FILE_ONLY___ 

2024-04-11 03:24:56,272 INFO     ___FILE_ONLY___ ├───────────────────────┼────────────┼─────────┤
2024-04-11 03:24:56,272 INFO     ___FILE_ONLY___ 

2024-04-11 03:24:56,272 INFO     ___FILE_ONLY___ │ 
2024-04-11 03:24:56,272 INFO     ___FILE_ONLY___ gcloud Alpha Commands
2024-04-11 03:24:56,273 INFO     ___FILE_ONLY___  
2024-04-11 03:24:56,273 INFO     ___FILE_ONLY___ │ 
2024-04-11 03:24:56,273 INFO     ___FILE_ONLY___ 2024.03.29
2024-04-11 03:24:56,273 INFO     ___FILE_ONLY___  
2024-04-11 03:24:56,273 INFO     ___FILE_ONLY___ │ 
2024-04-11 03:24:56,273 INFO     ___FILE_ONLY___ < 1 MiB
2024-04-11 03:24:56,273 INFO     ___FILE_ONLY___  
2024-04-11 03:24:56,273 INFO     ___FILE_ONLY___ │
2024-04-11 03:24:56,273 INFO     ___FILE_ONLY___ 

2024-04-11 03:24:56,273 INFO     ___FILE_ONLY___ │ 
2024-04-11 03:24:56,274 INFO     ___FILE_ONLY___ gcloud Beta Commands 
2024-04-11 03:24:56,274 INFO     ___FILE_ONLY___  
2024-04-11 03:24:56,274 INFO     ___FILE_ONLY___ │ 
2024-04-11 03:24:56,274 INFO     ___FILE_ONLY___ 2024.03.29
2024-04-11 03:24:56,274 INFO     ___FILE_ONLY___  
2024-04-11 03:24:56,274 INFO     ___FILE_ONLY___ │ 
2024-04-11 03:24:56,274 INFO     ___FILE_ONLY___ < 1 MiB
2024-04-11 03:24:56,274 INFO     ___FILE_ONLY___  
2024-04-11 03:24:56,274 INFO     ___FILE_ONLY___ │
2024-04-11 03:24:56,274 INFO     ___FILE_ONLY___ 

2024-04-11 03:24:56,275 INFO     ___FILE_ONLY___ └───────────────────────┴────────────┴─────────┘
2024-04-11 03:24:56,275 INFO     ___FILE_ONLY___ 

2024-04-11 03:24:56,275 INFO     ___FILE_ONLY___ 

2024-04-11 03:24:56,280 DEBUG    urllib3.connectionpool Starting new HTTPS connection (1): dl.google.com:443
2024-04-11 03:24:56,826 DEBUG    urllib3.connectionpool https://dl.google.com:443 "GET /dl/cloudsdk/channels/rapid/RELEASE_NOTES HTTP/1.1" 200 1186568
2024-04-11 03:24:56,861 INFO     ___FILE_ONLY___ For the latest full release notes, please visit:
  https://cloud.google.com/sdk/release_notes


2024-04-11 03:24:56,863 INFO     ___FILE_ONLY___ ╔════════════════════════════════════════════════════════════╗

2024-04-11 03:24:56,864 INFO     ___FILE_ONLY___ ╠═ Creating update staging area                             ═╣

2024-04-11 03:24:56,864 INFO     ___FILE_ONLY___ ╚
2024-04-11 03:24:56,864 INFO     ___FILE_ONLY___ ══════
2024-04-11 03:24:57,523 INFO     ___FILE_ONLY___ ══════
2024-04-11 03:24:57,523 INFO     ___FILE_ONLY___ ══════
2024-04-11 03:24:57,859 INFO     ___FILE_ONLY___ ═
2024-04-11 03:24:58,103 INFO     ___FILE_ONLY___ ═
2024-04-11 03:24:58,160 INFO     ___FILE_ONLY___ ═
2024-04-11 03:24:58,215 INFO     ___FILE_ONLY___ ═
2024-04-11 03:24:58,263 INFO     ___FILE_ONLY___ ═
2024-04-11 03:24:58,305 INFO     ___FILE_ONLY___ ═
2024-04-11 03:24:58,349 INFO     ___FILE_ONLY___ ═
2024-04-11 03:24:58,394 INFO     ___FILE_ONLY___ ═
2024-04-11 03:24:58,467 INFO     ___FILE_ONLY___ ═
2024-04-11 03:24:58,664 INFO     ___FILE_ONLY___ ═
2024-04-11 03:24:58,827 INFO     ___FILE_ONLY___ ═
2024-04-11 03:24:58,915 INFO     ___FILE_ONLY___ ═
2024-04-11 03:24:58,993 INFO     ___FILE_ONLY___ ═
2024-04-11 03:24:59,070 INFO     ___FILE_ONLY___ ═
2024-04-11 03:24:59,141 INFO     ___FILE_ONLY___ ═
2024-04-11 03:24:59,202 INFO     ___FILE_ONLY___ ═
2024-04-11 03:24:59,261 INFO     ___FILE_ONLY___ ═
2024-04-11 03:24:59,320 INFO     ___FILE_ONLY___ ═
2024-04-11 03:24:59,373 INFO     ___FILE_ONLY___ ═
2024-04-11 03:24:59,431 INFO     ___FILE_ONLY___ ═
2024-04-11 03:24:59,493 INFO     ___FILE_ONLY___ ═
2024-04-11 03:24:59,544 INFO     ___FILE_ONLY___ ═
2024-04-11 03:24:59,606 INFO     ___FILE_ONLY___ ═
2024-04-11 03:24:59,669 INFO     ___FILE_ONLY___ ═
2024-04-11 03:24:59,731 INFO     ___FILE_ONLY___ ═
2024-04-11 03:24:59,787 INFO     ___FILE_ONLY___ ═
2024-04-11 03:24:59,846 INFO     ___FILE_ONLY___ ═
2024-04-11 03:24:59,924 INFO     ___FILE_ONLY___ ═
2024-04-11 03:25:00,028 INFO     ___FILE_ONLY___ ═
2024-04-11 03:25:00,099 INFO     ___FILE_ONLY___ ═
2024-04-11 03:25:00,175 INFO     ___FILE_ONLY___ ═
2024-04-11 03:25:00,283 INFO     ___FILE_ONLY___ ═
2024-04-11 03:25:00,357 INFO     ___FILE_ONLY___ ═
2024-04-11 03:25:00,443 INFO     ___FILE_ONLY___ ═
2024-04-11 03:25:00,517 INFO     ___FILE_ONLY___ ═
2024-04-11 03:25:00,586 INFO     ___FILE_ONLY___ ═
2024-04-11 03:25:00,647 INFO     ___FILE_ONLY___ ═
2024-04-11 03:25:00,729 INFO     ___FILE_ONLY___ ═
2024-04-11 03:25:00,783 INFO     ___FILE_ONLY___ ═
2024-04-11 03:25:00,853 INFO     ___FILE_ONLY___ ═
2024-04-11 03:25:00,911 INFO     ___FILE_ONLY___ ═
2024-04-11 03:25:00,972 INFO     ___FILE_ONLY___ ═
2024-04-11 03:25:00,972 INFO     ___FILE_ONLY___ ╝

2024-04-11 03:25:04,352 INFO     ___FILE_ONLY___ ╔════════════════════════════════════════════════════════════╗

2024-04-11 03:25:04,352 INFO     ___FILE_ONLY___ ╠═ Installing: gcloud Alpha Commands                        ═╣

2024-04-11 03:25:04,352 INFO     ___FILE_ONLY___ ╚
2024-04-11 03:25:04,357 DEBUG    urllib3.connectionpool Starting new HTTPS connection (1): dl.google.com:443
2024-04-11 03:25:04,914 DEBUG    urllib3.connectionpool https://dl.google.com:443 "GET /dl/cloudsdk/channels/rapid/components/google-cloud-sdk-alpha-20240329151455.tar.gz HTTP/1.1" 200 800
2024-04-11 03:25:04,915 INFO     ___FILE_ONLY___ ══════════════════════════════
2024-04-11 03:25:04,917 INFO     ___FILE_ONLY___ ══════════════════════════════
2024-04-11 03:25:04,918 INFO     ___FILE_ONLY___ ╝

2024-04-11 03:25:04,926 INFO     ___FILE_ONLY___ ╔════════════════════════════════════════════════════════════╗

2024-04-11 03:25:04,927 INFO     ___FILE_ONLY___ ╠═ Installing: gcloud Beta Commands                         ═╣

2024-04-11 03:25:04,927 INFO     ___FILE_ONLY___ ╚
2024-04-11 03:25:04,931 DEBUG    urllib3.connectionpool Starting new HTTPS connection (1): dl.google.com:443
2024-04-11 03:25:05,478 DEBUG    urllib3.connectionpool https://dl.google.com:443 "GET /dl/cloudsdk/channels/rapid/components/google-cloud-sdk-beta-20240329151455.tar.gz HTTP/1.1" 200 797
2024-04-11 03:25:05,479 INFO     ___FILE_ONLY___ ══════════════════════════════
2024-04-11 03:25:05,480 INFO     ___FILE_ONLY___ ══════════════════════════════
2024-04-11 03:25:05,481 INFO     ___FILE_ONLY___ ╝

2024-04-11 03:25:05,492 INFO     ___FILE_ONLY___ ╔════════════════════════════════════════════════════════════╗

2024-04-11 03:25:05,492 INFO     ___FILE_ONLY___ ╠═ Creating backup and activating new installation          ═╣

2024-04-11 03:25:05,492 INFO     ___FILE_ONLY___ ╚
2024-04-11 03:25:05,492 DEBUG    root            Attempting to move directory [/tools/google-cloud-sdk] to [/tools/google-cloud-sdk.staging/.install/.backup]
2024-04-11 03:25:05,493 INFO     ___FILE_ONLY___ ══════════════════════════════
2024-04-11 03:25:05,493 DEBUG    root            Attempting to move directory [/tools/google-cloud-sdk.staging] to [/tools/google-cloud-sdk]
2024-04-11 03:25:05,493 INFO     ___FILE_ONLY___ ══════════════════════════════
2024-04-11 03:25:05,493 INFO     ___FILE_ONLY___ ╝

2024-04-11 03:25:05,497 DEBUG    root            Updating notification cache...
2024-04-11 03:25:05,498 INFO     ___FILE_ONLY___ 

2024-04-11 03:25:05,500 INFO     ___FILE_ONLY___ Performing post processing steps...
2024-04-11 03:25:05,501 DEBUG    root            Executing command: ['/tools/google-cloud-sdk/bin/gcloud', 'components', 'post-process']
2024-04-11 03:25:16,263 DEBUG    ___FILE_ONLY___ 
2024-04-11 03:25:16,264 DEBUG    ___FILE_ONLY___ 
2024-04-11 03:25:16,266 INFO     ___FILE_ONLY___ 
Update done!


2024-04-11 03:25:16,269 DEBUG    root            Chosen display Format:none
2024-04-11 03:25:16,270 INFO     root            Display format: "none"
